================================================================================
ENHANCED DEPMAP GENE REFINEMENT PIPELINE v3.0
================================================================================
2025-09-22 12:41:53,905 - INFO - Loaded 1000 genes from /scratch/project_2010376/JDs_Project/AML_Persister_Analysis/reduced_model_distilled/selected_genes.txt
2025-09-22 12:41:53,905 - INFO - Phase 1: Downloading DepMap data...
2025-09-22 12:41:53,905 - INFO - Downloading crispr.csv (attempt 1/3)...
2025-09-22 12:41:54,359 - WARNING - Download attempt 1 failed: 404 Client Error: Not Found for url: https://figshare.com/ndownloader/files/48996103
2025-09-22 12:42:04,359 - INFO - Downloading crispr.csv (attempt 2/3)...
2025-09-22 12:42:04,709 - WARNING - Download attempt 2 failed: 404 Client Error: Not Found for url: https://figshare.com/ndownloader/files/48996103
2025-09-22 12:42:24,710 - INFO - Downloading crispr.csv (attempt 3/3)...
2025-09-22 12:42:25,055 - WARNING - Download attempt 3 failed: 404 Client Error: Not Found for url: https://figshare.com/ndownloader/files/48996103
2025-09-22 12:42:25,056 - ERROR - Failed to download after 3 attempts
2025-09-22 12:42:25,057 - WARNING - Could not download crispr data
2025-09-22 12:42:25,057 - INFO - Downloading metadata.csv (attempt 1/3)...
2025-09-22 12:42:25,410 - WARNING - Download attempt 1 failed: 404 Client Error: Not Found for url: https://figshare.com/ndownloader/files/48995856
2025-09-22 12:42:35,411 - INFO - Downloading metadata.csv (attempt 2/3)...
2025-09-22 12:42:35,759 - WARNING - Download attempt 2 failed: 404 Client Error: Not Found for url: https://figshare.com/ndownloader/files/48995856
2025-09-22 12:42:55,759 - INFO - Downloading metadata.csv (attempt 3/3)...
2025-09-22 12:42:56,145 - WARNING - Download attempt 3 failed: 404 Client Error: Not Found for url: https://figshare.com/ndownloader/files/48995856
2025-09-22 12:42:56,145 - ERROR - Failed to download after 3 attempts
2025-09-22 12:42:56,146 - WARNING - Could not download metadata data
2025-09-22 12:42:56,146 - INFO - Downloading essential.csv (attempt 1/3)...
2025-09-22 12:42:56,500 - WARNING - Download attempt 1 failed: 404 Client Error: Not Found for url: https://figshare.com/ndownloader/files/48995998
2025-09-22 12:43:06,500 - INFO - Downloading essential.csv (attempt 2/3)...
2025-09-22 12:43:06,851 - WARNING - Download attempt 2 failed: 404 Client Error: Not Found for url: https://figshare.com/ndownloader/files/48995998
2025-09-22 12:43:26,851 - INFO - Downloading essential.csv (attempt 3/3)...
2025-09-22 12:43:27,199 - WARNING - Download attempt 3 failed: 404 Client Error: Not Found for url: https://figshare.com/ndownloader/files/48995998
2025-09-22 12:43:27,200 - ERROR - Failed to download after 3 attempts
2025-09-22 12:43:27,200 - WARNING - Could not download essential data
2025-09-22 12:43:27,201 - ERROR - Critical DepMap data missing. Exiting.
