/appl/soft/ai/bin/python
PYTHON: /appl/soft/ai/bin/python
NUMPY : 1.24.3
PANDAS: 2.0.3
SKLEARN: 1.3.0
TF    : 2.13.0
=========================================
Persister Transformer — Inference
Started: Sun Sep 14 12:31:18 EEST 2025
Node:    g5102.mahti.csc.fi
Job ID:  5092171
=========================================
name, memory.total [MiB], driver_version
NVIDIA A100-SXM4-40GB, 40960 MiB, 535.261.03
Running: srun Running: python Running: -u Running: inference_persister_transformer_14092025.py Running: --model-dir Running: /scratch/project_2010376/JDs_Project/AML_Persister_Analysis/results/models Running: --out-dir Running: /scratch/project_2010376/JDs_Project/AML_Persister_Analysis/results/inference Running: --aml-root Running: /scratch/project_2010751/AML_scRNA_decrypted Running: --healthy-root Running: /scratch/project_2010751/GSE120221_RAW Running: --max-cells Running: 20000 
Starting inference at 2025-09-14 12:31:23.400407
2025-09-14 12:31:23,400 | INFO | MODEL DIR: /scratch/project_2010376/JDs_Project/AML_Persister_Analysis/results/models
2025-09-14 12:31:23,400 | INFO | OUT DIR  : /scratch/project_2010376/JDs_Project/AML_Persister_Analysis/results/inference
2025-09-14 12:31:23,400 | INFO | [MODEL] Loading /scratch/project_2010376/JDs_Project/AML_Persister_Analysis/results/models/final_model.h5
2025-09-14 12:31:24,270 | INFO | [MODEL] Input shape: (None, 100)
2025-09-14 12:31:24,631 | INFO | [LOAD] scaler loaded from /scratch/project_2010376/JDs_Project/AML_Persister_Analysis/results/models/scaler.pkl
2025-09-14 12:31:24,750 | INFO | [LOAD] pca loaded from /scratch/project_2010376/JDs_Project/AML_Persister_Analysis/results/models/pca.pkl
2025-09-14 12:31:24,750 | WARNING | [LOAD] residualizer not found at /scratch/project_2010376/JDs_Project/AML_Persister_Analysis/results/models/residualizer.pkl
2025-09-14 12:31:24,782 | INFO | [GENES] Loaded 13369 genes from /scratch/project_2010376/JDs_Project/AML_Persister_Analysis/results/metadata/common_genes.txt
2025-09-14 12:31:24,950 | INFO | [MAP] Built ENSG→SYMBOL mapping from /scratch/project_2010376/scRNAseq/FH_5897_2/filtered_feature_bc_matrix
2025-09-14 12:31:24,969 | INFO | [THRESH] Loaded threshold=0.310 from /scratch/project_2010376/JDs_Project/AML_Persister_Analysis/results/models/threshold.pkl
2025-09-14 12:31:24,969 | INFO | [ARTIFACTS] genes=13369 | pca=100 | threshold=0.31
2025-09-14 12:31:24,990 | INFO | [DISCOVER] Found 6 AML 10x datasets under /scratch/project_2010751/AML_scRNA_decrypted
2025-09-14 12:31:24,992 | INFO | [DISCOVER] Found 25 healthy GSE120221 triplets under /scratch/project_2010751/GSE120221_RAW
2025-09-14 12:31:24,992 | INFO | 
======================================================================
2025-09-14 12:31:24,992 | INFO | Processing GSM3516666_NORMAL
2025-09-14 12:31:24,992 | INFO | ======================================================================
2025-09-14 12:31:27,507 | INFO | [LOAD] GSM3516666_NORMAL: cells=3,061 genes=18,158
2025-09-14 12:31:28,457 | INFO | [ALIGN] GSM3516666_NORMAL: matched=13369/13369 genes (100.0%), merged_duplicates=232
2025-09-14 12:31:30,612 | INFO | [SCORES] GSM3516666_NORMAL: q10=0.000 q50=0.024 q90=0.293 q95=0.512 q99=0.874
2025-09-14 12:31:30,613 | INFO | [RESULT] GSM3516666_NORMAL: Persister 286 (9.3%) | Non-Persister 2775 (90.7%) | thr=0.31
2025-09-14 12:31:30,624 | INFO | 
======================================================================
2025-09-14 12:31:30,624 | INFO | Processing GSM3516665_PRIMARY
2025-09-14 12:31:30,624 | INFO | ======================================================================
2025-09-14 12:31:33,310 | INFO | [LOAD] GSM3516665_PRIMARY: cells=3,435 genes=19,856
2025-09-14 12:31:34,521 | INFO | [ALIGN] GSM3516665_PRIMARY: matched=13369/13369 genes (100.0%), merged_duplicates=352
2025-09-14 12:31:35,433 | INFO | [SCORES] GSM3516665_PRIMARY: q10=0.012 q50=0.077 q90=0.446 q95=0.638 q99=0.916
2025-09-14 12:31:35,435 | INFO | [RESULT] GSM3516665_PRIMARY: Persister 609 (17.7%) | Non-Persister 2826 (82.3%) | thr=0.31
2025-09-14 12:31:35,446 | INFO | 
======================================================================
2025-09-14 12:31:35,446 | INFO | Processing GSM3516667_PRIMARY
2025-09-14 12:31:35,446 | INFO | ======================================================================
2025-09-14 12:31:38,245 | INFO | [LOAD] GSM3516667_PRIMARY: cells=4,014 genes=18,082
2025-09-14 12:31:39,590 | INFO | [ALIGN] GSM3516667_PRIMARY: matched=13369/13369 genes (100.0%), merged_duplicates=203
2025-09-14 12:31:40,610 | INFO | [SCORES] GSM3516667_PRIMARY: q10=0.008 q50=0.043 q90=0.327 q95=0.491 q99=0.835
2025-09-14 12:31:40,612 | INFO | [RESULT] GSM3516667_PRIMARY: Persister 437 (10.9%) | Non-Persister 3577 (89.1%) | thr=0.31
2025-09-14 12:31:40,624 | INFO | 
======================================================================
2025-09-14 12:31:40,624 | INFO | Processing GSM3516664_METASTASIS
2025-09-14 12:31:40,624 | INFO | ======================================================================
2025-09-14 12:31:41,585 | INFO | [LOAD] GSM3516664_METASTASIS: cells=1,316 genes=17,625
2025-09-14 12:31:41,927 | INFO | [ALIGN] GSM3516664_METASTASIS: matched=13369/13369 genes (100.0%), merged_duplicates=230
2025-09-14 12:31:42,309 | INFO | [SCORES] GSM3516664_METASTASIS: q10=0.043 q50=0.804 q90=1.000 q95=1.000 q99=1.000
2025-09-14 12:31:42,310 | INFO | [RESULT] GSM3516664_METASTASIS: Persister 814 (61.9%) | Non-Persister 502 (38.1%) | thr=0.31
2025-09-14 12:31:42,315 | INFO | 
======================================================================
2025-09-14 12:31:42,315 | INFO | Processing GSM3516668_METASTASIS
2025-09-14 12:31:42,315 | INFO | ======================================================================
2025-09-14 12:31:44,970 | INFO | [LOAD] GSM3516668_METASTASIS: cells=3,886 genes=16,287
2025-09-14 12:31:46,124 | INFO | [ALIGN] GSM3516668_METASTASIS: matched=13369/13369 genes (100.0%), merged_duplicates=137
2025-09-14 12:31:47,079 | INFO | [SCORES] GSM3516668_METASTASIS: q10=0.118 q50=0.673 q90=0.934 q95=0.956 q99=0.986
2025-09-14 12:31:47,081 | INFO | [RESULT] GSM3516668_METASTASIS: Persister 2933 (75.5%) | Non-Persister 953 (24.5%) | thr=0.31
2025-09-14 12:31:47,092 | INFO | 
======================================================================
2025-09-14 12:31:47,092 | INFO | Processing FH_5897_2
2025-09-14 12:31:47,092 | INFO | ======================================================================
2025-09-14 12:32:08,946 | INFO | [LOAD] FH_5897_2: cells=9,495 genes=33,538
2025-09-14 12:32:14,210 | INFO | [ALIGN] FH_5897_2: matched=13353/13369 genes (99.9%), merged_duplicates=3141
2025-09-14 12:32:16,556 | INFO | [SCORES] FH_5897_2: q10=0.042 q50=0.552 q90=0.997 q95=0.998 q99=1.000
2025-09-14 12:32:16,559 | INFO | [RESULT] FH_5897_2: Persister 5563 (58.6%) | Non-Persister 3932 (41.4%) | thr=0.31
2025-09-14 12:32:16,654 | INFO | 
======================================================================
2025-09-14 12:32:16,654 | INFO | Processing FH_6333_2
2025-09-14 12:32:16,654 | INFO | ======================================================================
2025-09-14 12:32:22,576 | INFO | [LOAD] FH_6333_2: cells=2,451 genes=33,694
2025-09-14 12:32:24,002 | INFO | [ALIGN] FH_6333_2: matched=13276/13369 genes (99.3%), merged_duplicates=3503
2025-09-14 12:32:24,660 | INFO | [SCORES] FH_6333_2: q10=0.034 q50=0.566 q90=1.000 q95=1.000 q99=1.000
2025-09-14 12:32:24,661 | INFO | [RESULT] FH_6333_2: Persister 1575 (64.3%) | Non-Persister 876 (35.7%) | thr=0.31
2025-09-14 12:32:24,691 | INFO | 
======================================================================
2025-09-14 12:32:24,691 | INFO | Processing outs
2025-09-14 12:32:24,691 | INFO | ======================================================================
2025-09-14 12:32:56,292 | INFO | [LOAD] outs: cells=8,116 genes=36,601
2025-09-14 12:33:01,118 | INFO | [ALIGN] outs: matched=13369/13369 genes (100.0%), merged_duplicates=4200
2025-09-14 12:33:03,248 | INFO | [SCORES] outs: q10=0.481 q50=0.999 q90=1.000 q95=1.000 q99=1.000
2025-09-14 12:33:03,250 | INFO | [RESULT] outs: Persister 7545 (93.0%) | Non-Persister 571 (7.0%) | thr=0.31
2025-09-14 12:33:03,343 | INFO | 
======================================================================
2025-09-14 12:33:03,343 | INFO | Processing outs
2025-09-14 12:33:03,343 | INFO | ======================================================================
2025-09-14 12:33:31,888 | INFO | [LOAD] outs: cells=6,801 genes=36,601
2025-09-14 12:33:35,890 | INFO | [ALIGN] outs: matched=13369/13369 genes (100.0%), merged_duplicates=4200
2025-09-14 12:33:37,699 | INFO | [SCORES] outs: q10=0.335 q50=0.996 q90=1.000 q95=1.000 q99=1.000
2025-09-14 12:33:37,701 | INFO | [RESULT] outs: Persister 6187 (91.0%) | Non-Persister 614 (9.0%) | thr=0.31
2025-09-14 12:33:37,785 | INFO | 
======================================================================
2025-09-14 12:33:37,785 | INFO | Processing outs
2025-09-14 12:33:37,785 | INFO | ======================================================================
2025-09-14 12:34:09,134 | INFO | [LOAD] outs: cells=7,373 genes=36,601
2025-09-14 12:34:13,501 | INFO | [ALIGN] outs: matched=13369/13369 genes (100.0%), merged_duplicates=4200
2025-09-14 12:34:15,466 | INFO | [SCORES] outs: q10=0.492 q50=1.000 q90=1.000 q95=1.000 q99=1.000
2025-09-14 12:34:15,468 | INFO | [RESULT] outs: Persister 6850 (92.9%) | Non-Persister 523 (7.1%) | thr=0.31
2025-09-14 12:34:15,555 | INFO | 
======================================================================
2025-09-14 12:34:15,555 | INFO | Processing count
2025-09-14 12:34:15,555 | INFO | ======================================================================
2025-09-14 12:36:02,765 | INFO | [LOAD] count: cells=20,000 genes=36,601
2025-09-14 12:36:16,961 | INFO | [ALIGN] count: matched=13369/13369 genes (100.0%), merged_duplicates=4200
2025-09-14 12:36:22,065 | INFO | [SCORES] count: q10=0.334 q50=0.998 q90=1.000 q95=1.000 q99=1.000
2025-09-14 12:36:22,070 | INFO | [RESULT] count: Persister 18132 (90.7%) | Non-Persister 1868 (9.3%) | thr=0.31
2025-09-14 12:36:22,293 | INFO | 
======================================================================
2025-09-14 12:36:22,293 | INFO | Processing outs
2025-09-14 12:36:22,293 | INFO | ======================================================================
2025-09-14 12:36:34,318 | INFO | [LOAD] outs: cells=5,053 genes=36,601
2025-09-14 12:36:37,271 | INFO | [ALIGN] outs: matched=13369/13369 genes (100.0%), merged_duplicates=4200
2025-09-14 12:36:38,558 | INFO | [SCORES] outs: q10=0.120 q50=0.988 q90=1.000 q95=1.000 q99=1.000
2025-09-14 12:36:38,560 | INFO | [RESULT] outs: Persister 4343 (85.9%) | Non-Persister 710 (14.1%) | thr=0.31
2025-09-14 12:36:38,614 | INFO | 
======================================================================
2025-09-14 12:36:38,614 | INFO | Processing outs
2025-09-14 12:36:38,614 | INFO | ======================================================================
2025-09-14 12:36:46,228 | INFO | [LOAD] outs: cells=2,815 genes=36,601
2025-09-14 12:36:47,643 | INFO | [ALIGN] outs: matched=13369/13369 genes (100.0%), merged_duplicates=4200
2025-09-14 12:36:48,386 | INFO | [SCORES] outs: q10=0.031 q50=0.991 q90=1.000 q95=1.000 q99=1.000
2025-09-14 12:36:48,387 | INFO | [RESULT] outs: Persister 1876 (66.6%) | Non-Persister 939 (33.4%) | thr=0.31
2025-09-14 12:36:48,423 | INFO | 
======================================================================
2025-09-14 12:36:48,423 | INFO | Processing GSM3396161_HEALTHY
2025-09-14 12:36:48,423 | INFO | ======================================================================
2025-09-14 12:36:57,004 | INFO | [LOAD] GSM3396161_HEALTHY: cells=2,994 genes=33,694
2025-09-14 12:36:58,474 | INFO | [ALIGN] GSM3396161_HEALTHY: matched=13276/13369 genes (99.3%), merged_duplicates=3503
2025-09-14 12:36:59,281 | INFO | [SCORES] GSM3396161_HEALTHY: q10=0.027 q50=0.211 q90=0.974 q95=0.993 q99=0.999
2025-09-14 12:36:59,282 | INFO | [RESULT] GSM3396161_HEALTHY: Persister 1182 (39.5%) | Non-Persister 1812 (60.5%) | thr=0.31
2025-09-14 12:36:59,322 | INFO | 
======================================================================
2025-09-14 12:36:59,322 | INFO | Processing GSM3396162_HEALTHY
2025-09-14 12:36:59,322 | INFO | ======================================================================
2025-09-14 12:37:05,729 | INFO | [LOAD] GSM3396162_HEALTHY: cells=3,293 genes=33,694
2025-09-14 12:37:07,380 | INFO | [ALIGN] GSM3396162_HEALTHY: matched=13276/13369 genes (99.3%), merged_duplicates=3503
2025-09-14 12:37:08,227 | INFO | [SCORES] GSM3396162_HEALTHY: q10=0.034 q50=0.217 q90=0.949 q95=0.987 q99=0.999
2025-09-14 12:37:08,229 | INFO | [RESULT] GSM3396162_HEALTHY: Persister 1286 (39.1%) | Non-Persister 2007 (60.9%) | thr=0.31
2025-09-14 12:37:08,267 | INFO | 
======================================================================
2025-09-14 12:37:08,267 | INFO | Processing GSM3396163_HEALTHY
2025-09-14 12:37:08,267 | INFO | ======================================================================
2025-09-14 12:37:13,756 | INFO | [LOAD] GSM3396163_HEALTHY: cells=3,556 genes=33,694
2025-09-14 12:37:15,575 | INFO | [ALIGN] GSM3396163_HEALTHY: matched=13276/13369 genes (99.3%), merged_duplicates=3503
2025-09-14 12:37:16,468 | INFO | [SCORES] GSM3396163_HEALTHY: q10=0.031 q50=0.220 q90=0.715 q95=0.944 q99=0.997
2025-09-14 12:37:16,470 | INFO | [RESULT] GSM3396163_HEALTHY: Persister 1314 (37.0%) | Non-Persister 2242 (63.0%) | thr=0.31
2025-09-14 12:37:16,510 | INFO | 
======================================================================
2025-09-14 12:37:16,510 | INFO | Processing GSM3396164_HEALTHY
2025-09-14 12:37:16,510 | INFO | ======================================================================
2025-09-14 12:37:18,179 | INFO | [LOAD] GSM3396164_HEALTHY: cells=1,052 genes=33,694
2025-09-14 12:37:18,559 | INFO | [ALIGN] GSM3396164_HEALTHY: matched=13276/13369 genes (99.3%), merged_duplicates=3503
2025-09-14 12:37:18,851 | INFO | [SCORES] GSM3396164_HEALTHY: q10=0.028 q50=0.093 q90=0.397 q95=0.614 q99=0.954
2025-09-14 12:37:18,852 | INFO | [RESULT] GSM3396164_HEALTHY: Persister 175 (16.6%) | Non-Persister 877 (83.4%) | thr=0.31
2025-09-14 12:37:18,867 | INFO | 
======================================================================
2025-09-14 12:37:18,868 | INFO | Processing GSM3396165_HEALTHY
2025-09-14 12:37:18,868 | INFO | ======================================================================
2025-09-14 12:37:23,661 | INFO | [LOAD] GSM3396165_HEALTHY: cells=3,136 genes=33,694
2025-09-14 12:37:25,206 | INFO | [ALIGN] GSM3396165_HEALTHY: matched=13276/13369 genes (99.3%), merged_duplicates=3503
2025-09-14 12:37:26,006 | INFO | [SCORES] GSM3396165_HEALTHY: q10=0.038 q50=0.220 q90=0.640 q95=0.919 q99=0.997
2025-09-14 12:37:26,007 | INFO | [RESULT] GSM3396165_HEALTHY: Persister 1176 (37.5%) | Non-Persister 1960 (62.5%) | thr=0.31
2025-09-14 12:37:26,041 | INFO | 
======================================================================
2025-09-14 12:37:26,041 | INFO | Processing GSM3396166_HEALTHY
2025-09-14 12:37:26,041 | INFO | ======================================================================
2025-09-14 12:37:30,741 | INFO | [LOAD] GSM3396166_HEALTHY: cells=3,939 genes=33,694
2025-09-14 12:37:32,802 | INFO | [ALIGN] GSM3396166_HEALTHY: matched=13276/13369 genes (99.3%), merged_duplicates=3503
2025-09-14 12:37:33,775 | INFO | [SCORES] GSM3396166_HEALTHY: q10=0.038 q50=0.188 q90=0.488 q95=0.678 q99=0.981
2025-09-14 12:37:33,777 | INFO | [RESULT] GSM3396166_HEALTHY: Persister 1255 (31.9%) | Non-Persister 2684 (68.1%) | thr=0.31
2025-09-14 12:37:33,818 | INFO | 
======================================================================
2025-09-14 12:37:33,818 | INFO | Processing GSM3396167_HEALTHY
2025-09-14 12:37:33,818 | INFO | ======================================================================
2025-09-14 12:37:40,313 | INFO | [LOAD] GSM3396167_HEALTHY: cells=3,746 genes=33,694
2025-09-14 12:37:42,256 | INFO | [ALIGN] GSM3396167_HEALTHY: matched=13276/13369 genes (99.3%), merged_duplicates=3503
2025-09-14 12:37:43,211 | INFO | [SCORES] GSM3396167_HEALTHY: q10=0.020 q50=0.098 q90=0.769 q95=0.940 q99=0.997
2025-09-14 12:37:43,212 | INFO | [RESULT] GSM3396167_HEALTHY: Persister 1029 (27.5%) | Non-Persister 2717 (72.5%) | thr=0.31
2025-09-14 12:37:43,251 | INFO | 
======================================================================
2025-09-14 12:37:43,251 | INFO | Processing GSM3396168_HEALTHY
2025-09-14 12:37:43,251 | INFO | ======================================================================
2025-09-14 12:37:50,484 | INFO | [LOAD] GSM3396168_HEALTHY: cells=4,283 genes=33,694
2025-09-14 12:37:52,781 | INFO | [ALIGN] GSM3396168_HEALTHY: matched=13276/13369 genes (99.3%), merged_duplicates=3503
2025-09-14 12:37:53,858 | INFO | [SCORES] GSM3396168_HEALTHY: q10=0.032 q50=0.208 q90=0.413 q95=0.478 q99=0.910
2025-09-14 12:37:53,859 | INFO | [RESULT] GSM3396168_HEALTHY: Persister 1112 (26.0%) | Non-Persister 3171 (74.0%) | thr=0.31
2025-09-14 12:37:53,905 | INFO | 
======================================================================
2025-09-14 12:37:53,905 | INFO | Processing GSM3396169_HEALTHY
2025-09-14 12:37:53,905 | INFO | ======================================================================
2025-09-14 12:38:01,198 | INFO | [LOAD] GSM3396169_HEALTHY: cells=4,516 genes=33,694
2025-09-14 12:38:03,618 | INFO | [ALIGN] GSM3396169_HEALTHY: matched=13276/13369 genes (99.3%), merged_duplicates=3503
2025-09-14 12:38:04,752 | INFO | [SCORES] GSM3396169_HEALTHY: q10=0.016 q50=0.071 q90=0.522 q95=0.847 q99=0.991
2025-09-14 12:38:04,754 | INFO | [RESULT] GSM3396169_HEALTHY: Persister 1238 (27.4%) | Non-Persister 3278 (72.6%) | thr=0.31
2025-09-14 12:38:04,802 | INFO | 
======================================================================
2025-09-14 12:38:04,802 | INFO | Processing GSM3396170_HEALTHY
2025-09-14 12:38:04,802 | INFO | ======================================================================
2025-09-14 12:38:11,905 | INFO | [LOAD] GSM3396170_HEALTHY: cells=3,446 genes=33,694
2025-09-14 12:38:13,646 | INFO | [ALIGN] GSM3396170_HEALTHY: matched=13276/13369 genes (99.3%), merged_duplicates=3503
2025-09-14 12:38:14,541 | INFO | [SCORES] GSM3396170_HEALTHY: q10=0.020 q50=0.080 q90=0.789 q95=0.971 q99=0.998
2025-09-14 12:38:14,542 | INFO | [RESULT] GSM3396170_HEALTHY: Persister 771 (22.4%) | Non-Persister 2675 (77.6%) | thr=0.31
2025-09-14 12:38:14,578 | INFO | 
======================================================================
2025-09-14 12:38:14,579 | INFO | Processing GSM3396171_HEALTHY
2025-09-14 12:38:14,579 | INFO | ======================================================================
2025-09-14 12:38:26,922 | INFO | [LOAD] GSM3396171_HEALTHY: cells=7,247 genes=33,694
2025-09-14 12:38:30,956 | INFO | [ALIGN] GSM3396171_HEALTHY: matched=13276/13369 genes (99.3%), merged_duplicates=3503
2025-09-14 12:38:32,793 | INFO | [SCORES] GSM3396171_HEALTHY: q10=0.011 q50=0.046 q90=0.356 q95=0.611 q99=0.957
2025-09-14 12:38:32,796 | INFO | [RESULT] GSM3396171_HEALTHY: Persister 859 (11.9%) | Non-Persister 6388 (88.1%) | thr=0.31
2025-09-14 12:38:32,868 | INFO | 
======================================================================
2025-09-14 12:38:32,868 | INFO | Processing GSM3396172_HEALTHY
2025-09-14 12:38:32,868 | INFO | ======================================================================
2025-09-14 12:38:41,744 | INFO | [LOAD] GSM3396172_HEALTHY: cells=4,548 genes=33,694
2025-09-14 12:38:44,215 | INFO | [ALIGN] GSM3396172_HEALTHY: matched=13276/13369 genes (99.3%), merged_duplicates=3503
2025-09-14 12:38:45,354 | INFO | [SCORES] GSM3396172_HEALTHY: q10=0.016 q50=0.073 q90=0.638 q95=0.911 q99=0.995
2025-09-14 12:38:45,355 | INFO | [RESULT] GSM3396172_HEALTHY: Persister 939 (20.6%) | Non-Persister 3609 (79.4%) | thr=0.31
2025-09-14 12:38:45,406 | INFO | 
======================================================================
2025-09-14 12:38:45,406 | INFO | Processing GSM3396173_HEALTHY
2025-09-14 12:38:45,406 | INFO | ======================================================================
2025-09-14 12:38:52,652 | INFO | [LOAD] GSM3396173_HEALTHY: cells=3,964 genes=33,694
2025-09-14 12:38:54,739 | INFO | [ALIGN] GSM3396173_HEALTHY: matched=13276/13369 genes (99.3%), merged_duplicates=3503
2025-09-14 12:38:55,718 | INFO | [SCORES] GSM3396173_HEALTHY: q10=0.025 q50=0.180 q90=0.531 q95=0.815 q99=0.992
2025-09-14 12:38:55,720 | INFO | [RESULT] GSM3396173_HEALTHY: Persister 1109 (28.0%) | Non-Persister 2855 (72.0%) | thr=0.31
2025-09-14 12:38:55,762 | INFO | 
======================================================================
2025-09-14 12:38:55,762 | INFO | Processing GSM3396174_HEALTHY
2025-09-14 12:38:55,762 | INFO | ======================================================================
2025-09-14 12:39:03,977 | INFO | [LOAD] GSM3396174_HEALTHY: cells=4,522 genes=33,694
2025-09-14 12:39:06,393 | INFO | [ALIGN] GSM3396174_HEALTHY: matched=13276/13369 genes (99.3%), merged_duplicates=3503
2025-09-14 12:39:07,504 | INFO | [SCORES] GSM3396174_HEALTHY: q10=0.013 q50=0.066 q90=0.812 q95=0.944 q99=0.994
2025-09-14 12:39:07,506 | INFO | [RESULT] GSM3396174_HEALTHY: Persister 1139 (25.2%) | Non-Persister 3383 (74.8%) | thr=0.31
2025-09-14 12:39:07,555 | INFO | 
======================================================================
2025-09-14 12:39:07,555 | INFO | Processing GSM3396175_HEALTHY
2025-09-14 12:39:07,555 | INFO | ======================================================================
2025-09-14 12:39:16,864 | INFO | [LOAD] GSM3396175_HEALTHY: cells=5,013 genes=33,694
2025-09-14 12:39:19,591 | INFO | [ALIGN] GSM3396175_HEALTHY: matched=13276/13369 genes (99.3%), merged_duplicates=3503
2025-09-14 12:39:20,829 | INFO | [SCORES] GSM3396175_HEALTHY: q10=0.019 q50=0.201 q90=0.973 q95=0.992 q99=0.999
2025-09-14 12:39:20,830 | INFO | [RESULT] GSM3396175_HEALTHY: Persister 2140 (42.7%) | Non-Persister 2873 (57.3%) | thr=0.31
2025-09-14 12:39:20,884 | INFO | 
======================================================================
2025-09-14 12:39:20,885 | INFO | Processing GSM3396176_HEALTHY
2025-09-14 12:39:20,885 | INFO | ======================================================================
2025-09-14 12:39:31,799 | INFO | [LOAD] GSM3396176_HEALTHY: cells=3,383 genes=33,694
2025-09-14 12:39:33,501 | INFO | [ALIGN] GSM3396176_HEALTHY: matched=13276/13369 genes (99.3%), merged_duplicates=3503
2025-09-14 12:39:34,399 | INFO | [SCORES] GSM3396176_HEALTHY: q10=0.024 q50=0.142 q90=0.588 q95=0.865 q99=0.986
2025-09-14 12:39:34,400 | INFO | [RESULT] GSM3396176_HEALTHY: Persister 673 (19.9%) | Non-Persister 2710 (80.1%) | thr=0.31
2025-09-14 12:39:34,441 | INFO | 
======================================================================
2025-09-14 12:39:34,441 | INFO | Processing GSM3396177_HEALTHY
2025-09-14 12:39:34,441 | INFO | ======================================================================
2025-09-14 12:39:36,959 | INFO | [LOAD] GSM3396177_HEALTHY: cells=1,700 genes=33,694
2025-09-14 12:39:37,864 | INFO | [ALIGN] GSM3396177_HEALTHY: matched=13276/13369 genes (99.3%), merged_duplicates=3503
2025-09-14 12:39:38,316 | INFO | [SCORES] GSM3396177_HEALTHY: q10=0.027 q50=0.202 q90=0.618 q95=0.799 q99=0.992
2025-09-14 12:39:38,318 | INFO | [RESULT] GSM3396177_HEALTHY: Persister 540 (31.8%) | Non-Persister 1160 (68.2%) | thr=0.31
2025-09-14 12:39:38,340 | INFO | 
======================================================================
2025-09-14 12:39:38,340 | INFO | Processing GSM3396178_HEALTHY
2025-09-14 12:39:38,340 | INFO | ======================================================================
2025-09-14 12:39:43,223 | INFO | [LOAD] GSM3396178_HEALTHY: cells=3,593 genes=33,694
2025-09-14 12:39:45,076 | INFO | [ALIGN] GSM3396178_HEALTHY: matched=13276/13369 genes (99.3%), merged_duplicates=3503
2025-09-14 12:39:45,969 | INFO | [SCORES] GSM3396178_HEALTHY: q10=0.024 q50=0.144 q90=0.590 q95=0.806 q99=0.992
2025-09-14 12:39:45,971 | INFO | [RESULT] GSM3396178_HEALTHY: Persister 1022 (28.4%) | Non-Persister 2571 (71.6%) | thr=0.31
2025-09-14 12:39:46,011 | INFO | 
======================================================================
2025-09-14 12:39:46,011 | INFO | Processing GSM3396179_HEALTHY
2025-09-14 12:39:46,011 | INFO | ======================================================================
2025-09-14 12:39:51,147 | INFO | [LOAD] GSM3396179_HEALTHY: cells=2,437 genes=33,694
2025-09-14 12:39:52,572 | INFO | [ALIGN] GSM3396179_HEALTHY: matched=13276/13369 genes (99.3%), merged_duplicates=3503
2025-09-14 12:39:53,224 | INFO | [SCORES] GSM3396179_HEALTHY: q10=0.045 q50=0.220 q90=0.684 q95=0.877 q99=0.992
2025-09-14 12:39:53,225 | INFO | [RESULT] GSM3396179_HEALTHY: Persister 858 (35.2%) | Non-Persister 1579 (64.8%) | thr=0.31
2025-09-14 12:39:53,254 | INFO | 
======================================================================
2025-09-14 12:39:53,254 | INFO | Processing GSM3396180_HEALTHY
2025-09-14 12:39:53,255 | INFO | ======================================================================
2025-09-14 12:39:55,040 | INFO | [LOAD] GSM3396180_HEALTHY: cells=1,138 genes=33,694
2025-09-14 12:39:55,555 | INFO | [ALIGN] GSM3396180_HEALTHY: matched=13276/13369 genes (99.3%), merged_duplicates=3503
2025-09-14 12:39:55,864 | INFO | [SCORES] GSM3396180_HEALTHY: q10=0.021 q50=0.090 q90=0.730 q95=0.913 q99=0.990
2025-09-14 12:39:55,865 | INFO | [RESULT] GSM3396180_HEALTHY: Persister 289 (25.4%) | Non-Persister 849 (74.6%) | thr=0.31
2025-09-14 12:39:55,880 | INFO | 
======================================================================
2025-09-14 12:39:55,880 | INFO | Processing GSM3396181_HEALTHY
2025-09-14 12:39:55,880 | INFO | ======================================================================
2025-09-14 12:40:01,573 | INFO | [LOAD] GSM3396181_HEALTHY: cells=2,367 genes=33,694
2025-09-14 12:40:02,945 | INFO | [ALIGN] GSM3396181_HEALTHY: matched=13276/13369 genes (99.3%), merged_duplicates=3503
2025-09-14 12:40:03,621 | INFO | [SCORES] GSM3396181_HEALTHY: q10=0.045 q50=0.213 q90=0.666 q95=0.885 q99=0.991
2025-09-14 12:40:03,623 | INFO | [RESULT] GSM3396181_HEALTHY: Persister 802 (33.9%) | Non-Persister 1565 (66.1%) | thr=0.31
2025-09-14 12:40:03,653 | INFO | 
======================================================================
2025-09-14 12:40:03,653 | INFO | Processing GSM3396182_HEALTHY
2025-09-14 12:40:03,653 | INFO | ======================================================================
2025-09-14 12:40:11,247 | INFO | [LOAD] GSM3396182_HEALTHY: cells=4,726 genes=33,694
2025-09-14 12:40:13,811 | INFO | [ALIGN] GSM3396182_HEALTHY: matched=13276/13369 genes (99.3%), merged_duplicates=3503
2025-09-14 12:40:15,035 | INFO | [SCORES] GSM3396182_HEALTHY: q10=0.021 q50=0.085 q90=0.868 q95=0.957 q99=0.995
2025-09-14 12:40:15,036 | INFO | [RESULT] GSM3396182_HEALTHY: Persister 1229 (26.0%) | Non-Persister 3497 (74.0%) | thr=0.31
2025-09-14 12:40:15,088 | INFO | 
======================================================================
2025-09-14 12:40:15,088 | INFO | Processing GSM3396183_HEALTHY
2025-09-14 12:40:15,088 | INFO | ======================================================================
2025-09-14 12:40:24,372 | INFO | [LOAD] GSM3396183_HEALTHY: cells=4,293 genes=33,694
2025-09-14 12:40:26,657 | INFO | [ALIGN] GSM3396183_HEALTHY: matched=13276/13369 genes (99.3%), merged_duplicates=3503
2025-09-14 12:40:27,879 | INFO | [SCORES] GSM3396183_HEALTHY: q10=0.018 q50=0.065 q90=0.778 q95=0.955 q99=0.998
2025-09-14 12:40:27,880 | INFO | [RESULT] GSM3396183_HEALTHY: Persister 955 (22.2%) | Non-Persister 3338 (77.8%) | thr=0.31
2025-09-14 12:40:27,927 | INFO | 
======================================================================
2025-09-14 12:40:27,927 | INFO | Processing GSM3396184_HEALTHY
2025-09-14 12:40:27,927 | INFO | ======================================================================
2025-09-14 12:40:37,810 | INFO | [LOAD] GSM3396184_HEALTHY: cells=4,118 genes=33,694
2025-09-14 12:40:39,996 | INFO | [ALIGN] GSM3396184_HEALTHY: matched=13276/13369 genes (99.3%), merged_duplicates=3503
2025-09-14 12:40:41,106 | INFO | [SCORES] GSM3396184_HEALTHY: q10=0.026 q50=0.129 q90=0.788 q95=0.947 q99=0.997
2025-09-14 12:40:41,107 | INFO | [RESULT] GSM3396184_HEALTHY: Persister 1126 (27.3%) | Non-Persister 2992 (72.7%) | thr=0.31
2025-09-14 12:40:41,151 | INFO | 
======================================================================
2025-09-14 12:40:41,151 | INFO | Processing GSM3396185_HEALTHY
2025-09-14 12:40:41,151 | INFO | ======================================================================
2025-09-14 12:40:46,088 | INFO | [LOAD] GSM3396185_HEALTHY: cells=3,643 genes=33,694
2025-09-14 12:40:47,963 | INFO | [ALIGN] GSM3396185_HEALTHY: matched=13276/13369 genes (99.3%), merged_duplicates=3503
2025-09-14 12:40:48,906 | INFO | [SCORES] GSM3396185_HEALTHY: q10=0.037 q50=0.197 q90=0.884 q95=0.975 q99=0.998
2025-09-14 12:40:48,908 | INFO | [RESULT] GSM3396185_HEALTHY: Persister 1330 (36.5%) | Non-Persister 2313 (63.5%) | thr=0.31
2025-09-14 12:40:48,950 | INFO | 
================================================================================
2025-09-14 12:40:48,950 | INFO | INFERENCE SUMMARY
2025-09-14 12:40:48,950 | INFO | ================================================================================
2025-09-14 12:40:48,950 | INFO | Saved summary to: /scratch/project_2010376/JDs_Project/AML_Persister_Analysis/results/inference/inference_results_summary.csv
2025-09-14 12:40:48,977 | INFO | Total samples: 38 | Total cells: 168,469
2025-09-14 12:40:48,977 | INFO | Avg persister %: 40.5% | Avg mean prob: 0.369
2025-09-14 12:40:48,977 | INFO | Inference completed at Sun Sep 14 12:40:48 2025
=========================================
Finished: Sun Sep 14 12:40:54 EEST 2025
Outputs in: /scratch/project_2010376/JDs_Project/AML_Persister_Analysis/results/inference/
=========================================
