/appl/soft/ai/bin/python
PYTHON: /appl/soft/ai/bin/python
NUMPY : 1.24.3
PANDAS: 2.0.3
SKLEARN: 1.3.0
TF    : 2.13.0
=========================================
Persister Transformer — Inference
Started: Sun Sep 14 13:47:34 EEST 2025
Node:    g5301.mahti.csc.fi
Job ID:  5092245
=========================================
name, memory.total [MiB], driver_version
NVIDIA A100-SXM4-40GB, 40960 MiB, 535.261.03
Running: srun Running: python Running: -u Running: inference_persister_transformer_14092025.py Running: --model-dir Running: /scratch/project_2010376/JDs_Project/AML_Persister_Analysis/results/models Running: --out-dir Running: /scratch/project_2010376/JDs_Project/AML_Persister_Analysis/results/inference Running: --aml-root Running: /scratch/project_2010751/AML_scRNA_decrypted Running: --healthy-root Running: /scratch/project_2010751/GSE120221_RAW Running: --max-cells Running: 20000 
Starting inference at 2025-09-14 13:47:39.409395
2025-09-14 13:47:39,409 | INFO | MODEL DIR: /scratch/project_2010376/JDs_Project/AML_Persister_Analysis/results/models
2025-09-14 13:47:39,426 | INFO | OUT DIR  : /scratch/project_2010376/JDs_Project/AML_Persister_Analysis/results/inference
2025-09-14 13:47:39,426 | INFO | [MODEL] Loading /scratch/project_2010376/JDs_Project/AML_Persister_Analysis/results/models/final_model.h5
2025-09-14 13:47:41,712 | INFO | [MODEL] Input shape: (None, 100)
2025-09-14 13:47:42,090 | INFO | [LOAD] scaler loaded from /scratch/project_2010376/JDs_Project/AML_Persister_Analysis/results/models/scaler.pkl
2025-09-14 13:47:42,262 | INFO | [LOAD] pca loaded from /scratch/project_2010376/JDs_Project/AML_Persister_Analysis/results/models/pca.pkl
2025-09-14 13:47:42,262 | WARNING | [LOAD] residualizer not found at /scratch/project_2010376/JDs_Project/AML_Persister_Analysis/results/models/residualizer.pkl
2025-09-14 13:47:42,287 | INFO | [GENES] Loaded 13369 genes from /scratch/project_2010376/JDs_Project/AML_Persister_Analysis/results/metadata/common_genes.txt
2025-09-14 13:47:42,445 | INFO | [MAP] Built ENSG→SYMBOL mapping from /scratch/project_2010376/scRNAseq/FH_5897_2/filtered_feature_bc_matrix
2025-09-14 13:47:42,457 | INFO | [THRESH] Loaded threshold=0.310 from /scratch/project_2010376/JDs_Project/AML_Persister_Analysis/results/models/threshold.pkl
2025-09-14 13:47:42,457 | INFO | [ARTIFACTS] genes=13369 | pca=100 | threshold=0.31
2025-09-14 13:47:42,477 | INFO | [DISCOVER] Found 6 AML 10x datasets under /scratch/project_2010751/AML_scRNA_decrypted
2025-09-14 13:47:42,478 | INFO | [DISCOVER] Found 25 healthy GSE120221 triplets under /scratch/project_2010751/GSE120221_RAW
2025-09-14 13:47:42,478 | INFO | 
======================================================================
2025-09-14 13:47:42,478 | INFO | Processing GSM3516666_NORMAL
2025-09-14 13:47:42,478 | INFO | ======================================================================
2025-09-14 13:47:45,009 | INFO | [LOAD] GSM3516666_NORMAL: cells=3,061 genes=18,158
2025-09-14 13:47:45,990 | INFO | [ALIGN] GSM3516666_NORMAL: matched=13369/13369 genes (100.0%), merged_duplicates=232
2025-09-14 13:47:48,314 | INFO | [SCORES] GSM3516666_NORMAL: q10=0.000 q50=0.024 q90=0.293 q95=0.512 q99=0.874
2025-09-14 13:47:48,316 | INFO | [RESULT] GSM3516666_NORMAL: Persister 286 (9.3%) | Non-Persister 2775 (90.7%) | thr=0.31
2025-09-14 13:47:48,327 | INFO | 
======================================================================
2025-09-14 13:47:48,327 | INFO | Processing GSM3516665_PRIMARY
2025-09-14 13:47:48,327 | INFO | ======================================================================
2025-09-14 13:47:50,935 | INFO | [LOAD] GSM3516665_PRIMARY: cells=3,435 genes=19,856
2025-09-14 13:47:52,135 | INFO | [ALIGN] GSM3516665_PRIMARY: matched=13369/13369 genes (100.0%), merged_duplicates=352
2025-09-14 13:47:53,127 | INFO | [SCORES] GSM3516665_PRIMARY: q10=0.012 q50=0.077 q90=0.446 q95=0.638 q99=0.916
2025-09-14 13:47:53,128 | INFO | [RESULT] GSM3516665_PRIMARY: Persister 609 (17.7%) | Non-Persister 2826 (82.3%) | thr=0.31
2025-09-14 13:47:53,139 | INFO | 
======================================================================
2025-09-14 13:47:53,139 | INFO | Processing GSM3516667_PRIMARY
2025-09-14 13:47:53,139 | INFO | ======================================================================
2025-09-14 13:47:55,856 | INFO | [LOAD] GSM3516667_PRIMARY: cells=4,014 genes=18,082
2025-09-14 13:47:57,219 | INFO | [ALIGN] GSM3516667_PRIMARY: matched=13369/13369 genes (100.0%), merged_duplicates=203
2025-09-14 13:47:58,270 | INFO | [SCORES] GSM3516667_PRIMARY: q10=0.008 q50=0.043 q90=0.327 q95=0.491 q99=0.835
2025-09-14 13:47:58,272 | INFO | [RESULT] GSM3516667_PRIMARY: Persister 437 (10.9%) | Non-Persister 3577 (89.1%) | thr=0.31
2025-09-14 13:47:58,283 | INFO | 
======================================================================
2025-09-14 13:47:58,283 | INFO | Processing GSM3516664_METASTASIS
2025-09-14 13:47:58,283 | INFO | ======================================================================
2025-09-14 13:47:59,281 | INFO | [LOAD] GSM3516664_METASTASIS: cells=1,316 genes=17,625
2025-09-14 13:47:59,623 | INFO | [ALIGN] GSM3516664_METASTASIS: matched=13369/13369 genes (100.0%), merged_duplicates=230
2025-09-14 13:48:00,036 | INFO | [SCORES] GSM3516664_METASTASIS: q10=0.043 q50=0.804 q90=1.000 q95=1.000 q99=1.000
2025-09-14 13:48:00,037 | INFO | [RESULT] GSM3516664_METASTASIS: Persister 814 (61.9%) | Non-Persister 502 (38.1%) | thr=0.31
2025-09-14 13:48:00,042 | INFO | 
======================================================================
2025-09-14 13:48:00,042 | INFO | Processing GSM3516668_METASTASIS
2025-09-14 13:48:00,042 | INFO | ======================================================================
2025-09-14 13:48:02,337 | INFO | [LOAD] GSM3516668_METASTASIS: cells=3,886 genes=16,287
2025-09-14 13:48:03,485 | INFO | [ALIGN] GSM3516668_METASTASIS: matched=13369/13369 genes (100.0%), merged_duplicates=137
2025-09-14 13:48:04,488 | INFO | [SCORES] GSM3516668_METASTASIS: q10=0.118 q50=0.673 q90=0.934 q95=0.956 q99=0.986
2025-09-14 13:48:04,490 | INFO | [RESULT] GSM3516668_METASTASIS: Persister 2933 (75.5%) | Non-Persister 953 (24.5%) | thr=0.31
2025-09-14 13:48:04,501 | INFO | 
======================================================================
2025-09-14 13:48:04,501 | INFO | Processing FH_5897_2
2025-09-14 13:48:04,501 | INFO | ======================================================================
2025-09-14 13:48:26,311 | INFO | [LOAD] FH_5897_2: cells=9,495 genes=33,538
2025-09-14 13:48:31,600 | INFO | [ALIGN] FH_5897_2: matched=13353/13369 genes (99.9%), merged_duplicates=3141
2025-09-14 13:48:34,028 | INFO | [SCORES] FH_5897_2: q10=0.042 q50=0.552 q90=0.997 q95=0.998 q99=1.000
2025-09-14 13:48:34,030 | INFO | [RESULT] FH_5897_2: Persister 5563 (58.6%) | Non-Persister 3932 (41.4%) | thr=0.31
2025-09-14 13:48:34,126 | INFO | 
======================================================================
2025-09-14 13:48:34,126 | INFO | Processing FH_6333_2
2025-09-14 13:48:34,126 | INFO | ======================================================================
2025-09-14 13:48:40,098 | INFO | [LOAD] FH_6333_2: cells=2,451 genes=33,694
2025-09-14 13:48:41,536 | INFO | [ALIGN] FH_6333_2: matched=13276/13369 genes (99.3%), merged_duplicates=3503
2025-09-14 13:48:42,226 | INFO | [SCORES] FH_6333_2: q10=0.034 q50=0.566 q90=1.000 q95=1.000 q99=1.000
2025-09-14 13:48:42,227 | INFO | [RESULT] FH_6333_2: Persister 1575 (64.3%) | Non-Persister 876 (35.7%) | thr=0.31
2025-09-14 13:48:42,256 | INFO | 
======================================================================
2025-09-14 13:48:42,256 | INFO | Processing FH_5143_2
2025-09-14 13:48:42,256 | INFO | ======================================================================
2025-09-14 13:49:13,476 | INFO | [LOAD] FH_5143_2: cells=8,116 genes=36,601
2025-09-14 13:49:18,254 | INFO | [ALIGN] FH_5143_2: matched=13369/13369 genes (100.0%), merged_duplicates=4200
2025-09-14 13:49:20,456 | INFO | [SCORES] FH_5143_2: q10=0.481 q50=0.999 q90=1.000 q95=1.000 q99=1.000
2025-09-14 13:49:20,458 | INFO | [RESULT] FH_5143_2: Persister 7545 (93.0%) | Non-Persister 571 (7.0%) | thr=0.31
2025-09-14 13:49:20,552 | INFO | 
======================================================================
2025-09-14 13:49:20,552 | INFO | Processing FH_6088_3
2025-09-14 13:49:20,552 | INFO | ======================================================================
2025-09-14 13:49:49,401 | INFO | [LOAD] FH_6088_3: cells=6,801 genes=36,601
2025-09-14 13:49:53,435 | INFO | [ALIGN] FH_6088_3: matched=13369/13369 genes (100.0%), merged_duplicates=4200
2025-09-14 13:49:55,303 | INFO | [SCORES] FH_6088_3: q10=0.335 q50=0.996 q90=1.000 q95=1.000 q99=1.000
2025-09-14 13:49:55,305 | INFO | [RESULT] FH_6088_3: Persister 6187 (91.0%) | Non-Persister 614 (9.0%) | thr=0.31
2025-09-14 13:49:55,381 | INFO | 
======================================================================
2025-09-14 13:49:55,381 | INFO | Processing FH_6088_2
2025-09-14 13:49:55,381 | INFO | ======================================================================
2025-09-14 13:50:26,900 | INFO | [LOAD] FH_6088_2: cells=7,373 genes=36,601
2025-09-14 13:50:31,264 | INFO | [ALIGN] FH_6088_2: matched=13369/13369 genes (100.0%), merged_duplicates=4200
2025-09-14 13:50:33,390 | INFO | [SCORES] FH_6088_2: q10=0.492 q50=1.000 q90=1.000 q95=1.000 q99=1.000
2025-09-14 13:50:33,392 | INFO | [RESULT] FH_6088_2: Persister 6850 (92.9%) | Non-Persister 523 (7.1%) | thr=0.31
2025-09-14 13:50:33,478 | INFO | 
======================================================================
2025-09-14 13:50:33,478 | INFO | Processing AGG_AML_deep_NVS-IC_Batch1-2
2025-09-14 13:50:33,478 | INFO | ======================================================================
2025-09-14 13:52:21,535 | INFO | [LOAD] AGG_AML_deep_NVS-IC_Batch1-2: cells=20,000 genes=36,601
2025-09-14 13:52:35,717 | INFO | [ALIGN] AGG_AML_deep_NVS-IC_Batch1-2: matched=13369/13369 genes (100.0%), merged_duplicates=4200
2025-09-14 13:52:41,100 | INFO | [SCORES] AGG_AML_deep_NVS-IC_Batch1-2: q10=0.334 q50=0.998 q90=1.000 q95=1.000 q99=1.000
2025-09-14 13:52:41,105 | INFO | [RESULT] AGG_AML_deep_NVS-IC_Batch1-2: Persister 18132 (90.7%) | Non-Persister 1868 (9.3%) | thr=0.31
2025-09-14 13:52:41,321 | INFO | 
======================================================================
2025-09-14 13:52:41,321 | INFO | Processing FH_5238_2
2025-09-14 13:52:41,321 | INFO | ======================================================================
2025-09-14 13:52:53,352 | INFO | [LOAD] FH_5238_2: cells=5,053 genes=36,601
2025-09-14 13:52:56,280 | INFO | [ALIGN] FH_5238_2: matched=13369/13369 genes (100.0%), merged_duplicates=4200
2025-09-14 13:52:57,652 | INFO | [SCORES] FH_5238_2: q10=0.120 q50=0.988 q90=1.000 q95=1.000 q99=1.000
2025-09-14 13:52:57,653 | INFO | [RESULT] FH_5238_2: Persister 4343 (85.9%) | Non-Persister 710 (14.1%) | thr=0.31
2025-09-14 13:52:57,710 | INFO | 
======================================================================
2025-09-14 13:52:57,710 | INFO | Processing FH_6333_3
2025-09-14 13:52:57,710 | INFO | ======================================================================
2025-09-14 13:53:05,332 | INFO | [LOAD] FH_6333_3: cells=2,815 genes=36,601
2025-09-14 13:53:06,748 | INFO | [ALIGN] FH_6333_3: matched=13369/13369 genes (100.0%), merged_duplicates=4200
2025-09-14 13:53:07,530 | INFO | [SCORES] FH_6333_3: q10=0.031 q50=0.991 q90=1.000 q95=1.000 q99=1.000
2025-09-14 13:53:07,531 | INFO | [RESULT] FH_6333_3: Persister 1876 (66.6%) | Non-Persister 939 (33.4%) | thr=0.31
2025-09-14 13:53:07,567 | INFO | 
======================================================================
2025-09-14 13:53:07,567 | INFO | Processing GSM3396161_HEALTHY
2025-09-14 13:53:07,567 | INFO | ======================================================================
2025-09-14 13:53:16,148 | INFO | [LOAD] GSM3396161_HEALTHY: cells=2,994 genes=33,694
2025-09-14 13:53:17,589 | INFO | [ALIGN] GSM3396161_HEALTHY: matched=13276/13369 genes (99.3%), merged_duplicates=3503
2025-09-14 13:53:18,431 | INFO | [SCORES] GSM3396161_HEALTHY: q10=0.027 q50=0.211 q90=0.974 q95=0.993 q99=0.999
2025-09-14 13:53:18,432 | INFO | [RESULT] GSM3396161_HEALTHY: Persister 1182 (39.5%) | Non-Persister 1812 (60.5%) | thr=0.31
2025-09-14 13:53:18,470 | INFO | 
======================================================================
2025-09-14 13:53:18,470 | INFO | Processing GSM3396162_HEALTHY
2025-09-14 13:53:18,470 | INFO | ======================================================================
2025-09-14 13:53:24,896 | INFO | [LOAD] GSM3396162_HEALTHY: cells=3,293 genes=33,694
2025-09-14 13:53:26,541 | INFO | [ALIGN] GSM3396162_HEALTHY: matched=13276/13369 genes (99.3%), merged_duplicates=3503
2025-09-14 13:53:27,444 | INFO | [SCORES] GSM3396162_HEALTHY: q10=0.034 q50=0.217 q90=0.949 q95=0.987 q99=0.999
2025-09-14 13:53:27,446 | INFO | [RESULT] GSM3396162_HEALTHY: Persister 1286 (39.1%) | Non-Persister 2007 (60.9%) | thr=0.31
2025-09-14 13:53:27,481 | INFO | 
======================================================================
2025-09-14 13:53:27,481 | INFO | Processing GSM3396163_HEALTHY
2025-09-14 13:53:27,481 | INFO | ======================================================================
2025-09-14 13:53:33,025 | INFO | [LOAD] GSM3396163_HEALTHY: cells=3,556 genes=33,694
2025-09-14 13:53:34,844 | INFO | [ALIGN] GSM3396163_HEALTHY: matched=13276/13369 genes (99.3%), merged_duplicates=3503
2025-09-14 13:53:35,779 | INFO | [SCORES] GSM3396163_HEALTHY: q10=0.031 q50=0.220 q90=0.715 q95=0.944 q99=0.997
2025-09-14 13:53:35,780 | INFO | [RESULT] GSM3396163_HEALTHY: Persister 1314 (37.0%) | Non-Persister 2242 (63.0%) | thr=0.31
2025-09-14 13:53:35,820 | INFO | 
======================================================================
2025-09-14 13:53:35,820 | INFO | Processing GSM3396164_HEALTHY
2025-09-14 13:53:35,820 | INFO | ======================================================================
2025-09-14 13:53:37,483 | INFO | [LOAD] GSM3396164_HEALTHY: cells=1,052 genes=33,694
2025-09-14 13:53:37,879 | INFO | [ALIGN] GSM3396164_HEALTHY: matched=13276/13369 genes (99.3%), merged_duplicates=3503
2025-09-14 13:53:38,174 | INFO | [SCORES] GSM3396164_HEALTHY: q10=0.028 q50=0.093 q90=0.397 q95=0.614 q99=0.954
2025-09-14 13:53:38,175 | INFO | [RESULT] GSM3396164_HEALTHY: Persister 175 (16.6%) | Non-Persister 877 (83.4%) | thr=0.31
2025-09-14 13:53:38,190 | INFO | 
======================================================================
2025-09-14 13:53:38,190 | INFO | Processing GSM3396165_HEALTHY
2025-09-14 13:53:38,190 | INFO | ======================================================================
2025-09-14 13:53:42,931 | INFO | [LOAD] GSM3396165_HEALTHY: cells=3,136 genes=33,694
2025-09-14 13:53:44,488 | INFO | [ALIGN] GSM3396165_HEALTHY: matched=13276/13369 genes (99.3%), merged_duplicates=3503
2025-09-14 13:53:45,319 | INFO | [SCORES] GSM3396165_HEALTHY: q10=0.038 q50=0.220 q90=0.640 q95=0.919 q99=0.997
2025-09-14 13:53:45,320 | INFO | [RESULT] GSM3396165_HEALTHY: Persister 1176 (37.5%) | Non-Persister 1960 (62.5%) | thr=0.31
2025-09-14 13:53:45,356 | INFO | 
======================================================================
2025-09-14 13:53:45,356 | INFO | Processing GSM3396166_HEALTHY
2025-09-14 13:53:45,356 | INFO | ======================================================================
2025-09-14 13:53:50,034 | INFO | [LOAD] GSM3396166_HEALTHY: cells=3,939 genes=33,694
2025-09-14 13:53:52,089 | INFO | [ALIGN] GSM3396166_HEALTHY: matched=13276/13369 genes (99.3%), merged_duplicates=3503
2025-09-14 13:53:53,169 | INFO | [SCORES] GSM3396166_HEALTHY: q10=0.038 q50=0.188 q90=0.488 q95=0.678 q99=0.981
2025-09-14 13:53:53,170 | INFO | [RESULT] GSM3396166_HEALTHY: Persister 1255 (31.9%) | Non-Persister 2684 (68.1%) | thr=0.31
2025-09-14 13:53:53,211 | INFO | 
======================================================================
2025-09-14 13:53:53,211 | INFO | Processing GSM3396167_HEALTHY
2025-09-14 13:53:53,211 | INFO | ======================================================================
2025-09-14 13:53:59,822 | INFO | [LOAD] GSM3396167_HEALTHY: cells=3,746 genes=33,694
2025-09-14 13:54:01,767 | INFO | [ALIGN] GSM3396167_HEALTHY: matched=13276/13369 genes (99.3%), merged_duplicates=3503
2025-09-14 13:54:02,755 | INFO | [SCORES] GSM3396167_HEALTHY: q10=0.020 q50=0.098 q90=0.769 q95=0.940 q99=0.997
2025-09-14 13:54:02,756 | INFO | [RESULT] GSM3396167_HEALTHY: Persister 1029 (27.5%) | Non-Persister 2717 (72.5%) | thr=0.31
2025-09-14 13:54:02,800 | INFO | 
======================================================================
2025-09-14 13:54:02,801 | INFO | Processing GSM3396168_HEALTHY
2025-09-14 13:54:02,801 | INFO | ======================================================================
2025-09-14 13:54:10,045 | INFO | [LOAD] GSM3396168_HEALTHY: cells=4,283 genes=33,694
2025-09-14 13:54:12,316 | INFO | [ALIGN] GSM3396168_HEALTHY: matched=13276/13369 genes (99.3%), merged_duplicates=3503
2025-09-14 13:54:13,427 | INFO | [SCORES] GSM3396168_HEALTHY: q10=0.032 q50=0.208 q90=0.413 q95=0.478 q99=0.910
2025-09-14 13:54:13,429 | INFO | [RESULT] GSM3396168_HEALTHY: Persister 1112 (26.0%) | Non-Persister 3171 (74.0%) | thr=0.31
2025-09-14 13:54:13,473 | INFO | 
======================================================================
2025-09-14 13:54:13,473 | INFO | Processing GSM3396169_HEALTHY
2025-09-14 13:54:13,473 | INFO | ======================================================================
2025-09-14 13:54:20,742 | INFO | [LOAD] GSM3396169_HEALTHY: cells=4,516 genes=33,694
2025-09-14 13:54:23,169 | INFO | [ALIGN] GSM3396169_HEALTHY: matched=13276/13369 genes (99.3%), merged_duplicates=3503
2025-09-14 13:54:24,392 | INFO | [SCORES] GSM3396169_HEALTHY: q10=0.016 q50=0.071 q90=0.522 q95=0.847 q99=0.991
2025-09-14 13:54:24,394 | INFO | [RESULT] GSM3396169_HEALTHY: Persister 1238 (27.4%) | Non-Persister 3278 (72.6%) | thr=0.31
2025-09-14 13:54:24,442 | INFO | 
======================================================================
2025-09-14 13:54:24,442 | INFO | Processing GSM3396170_HEALTHY
2025-09-14 13:54:24,442 | INFO | ======================================================================
2025-09-14 13:54:31,657 | INFO | [LOAD] GSM3396170_HEALTHY: cells=3,446 genes=33,694
2025-09-14 13:54:33,398 | INFO | [ALIGN] GSM3396170_HEALTHY: matched=13276/13369 genes (99.3%), merged_duplicates=3503
2025-09-14 13:54:34,304 | INFO | [SCORES] GSM3396170_HEALTHY: q10=0.020 q50=0.080 q90=0.789 q95=0.971 q99=0.998
2025-09-14 13:54:34,305 | INFO | [RESULT] GSM3396170_HEALTHY: Persister 771 (22.4%) | Non-Persister 2675 (77.6%) | thr=0.31
2025-09-14 13:54:34,347 | INFO | 
======================================================================
2025-09-14 13:54:34,347 | INFO | Processing GSM3396171_HEALTHY
2025-09-14 13:54:34,347 | INFO | ======================================================================
2025-09-14 13:54:46,777 | INFO | [LOAD] GSM3396171_HEALTHY: cells=7,247 genes=33,694
2025-09-14 13:54:50,781 | INFO | [ALIGN] GSM3396171_HEALTHY: matched=13276/13369 genes (99.3%), merged_duplicates=3503
2025-09-14 13:54:52,632 | INFO | [SCORES] GSM3396171_HEALTHY: q10=0.011 q50=0.046 q90=0.356 q95=0.611 q99=0.957
2025-09-14 13:54:52,634 | INFO | [RESULT] GSM3396171_HEALTHY: Persister 859 (11.9%) | Non-Persister 6388 (88.1%) | thr=0.31
2025-09-14 13:54:52,708 | INFO | 
======================================================================
2025-09-14 13:54:52,708 | INFO | Processing GSM3396172_HEALTHY
2025-09-14 13:54:52,708 | INFO | ======================================================================
2025-09-14 13:55:01,400 | INFO | [LOAD] GSM3396172_HEALTHY: cells=4,548 genes=33,694
2025-09-14 13:55:03,839 | INFO | [ALIGN] GSM3396172_HEALTHY: matched=13276/13369 genes (99.3%), merged_duplicates=3503
2025-09-14 13:55:05,028 | INFO | [SCORES] GSM3396172_HEALTHY: q10=0.016 q50=0.073 q90=0.638 q95=0.911 q99=0.995
2025-09-14 13:55:05,030 | INFO | [RESULT] GSM3396172_HEALTHY: Persister 939 (20.6%) | Non-Persister 3609 (79.4%) | thr=0.31
2025-09-14 13:55:05,080 | INFO | 
======================================================================
2025-09-14 13:55:05,080 | INFO | Processing GSM3396173_HEALTHY
2025-09-14 13:55:05,080 | INFO | ======================================================================
2025-09-14 13:55:12,361 | INFO | [LOAD] GSM3396173_HEALTHY: cells=3,964 genes=33,694
2025-09-14 13:55:14,441 | INFO | [ALIGN] GSM3396173_HEALTHY: matched=13276/13369 genes (99.3%), merged_duplicates=3503
2025-09-14 13:55:15,452 | INFO | [SCORES] GSM3396173_HEALTHY: q10=0.025 q50=0.180 q90=0.531 q95=0.815 q99=0.992
2025-09-14 13:55:15,453 | INFO | [RESULT] GSM3396173_HEALTHY: Persister 1109 (28.0%) | Non-Persister 2855 (72.0%) | thr=0.31
2025-09-14 13:55:15,497 | INFO | 
======================================================================
2025-09-14 13:55:15,497 | INFO | Processing GSM3396174_HEALTHY
2025-09-14 13:55:15,497 | INFO | ======================================================================
2025-09-14 13:55:23,712 | INFO | [LOAD] GSM3396174_HEALTHY: cells=4,522 genes=33,694
2025-09-14 13:55:26,148 | INFO | [ALIGN] GSM3396174_HEALTHY: matched=13276/13369 genes (99.3%), merged_duplicates=3503
2025-09-14 13:55:27,303 | INFO | [SCORES] GSM3396174_HEALTHY: q10=0.013 q50=0.066 q90=0.812 q95=0.944 q99=0.994
2025-09-14 13:55:27,304 | INFO | [RESULT] GSM3396174_HEALTHY: Persister 1139 (25.2%) | Non-Persister 3383 (74.8%) | thr=0.31
2025-09-14 13:55:27,356 | INFO | 
======================================================================
2025-09-14 13:55:27,356 | INFO | Processing GSM3396175_HEALTHY
2025-09-14 13:55:27,356 | INFO | ======================================================================
2025-09-14 13:55:36,591 | INFO | [LOAD] GSM3396175_HEALTHY: cells=5,013 genes=33,694
2025-09-14 13:55:39,370 | INFO | [ALIGN] GSM3396175_HEALTHY: matched=13276/13369 genes (99.3%), merged_duplicates=3503
2025-09-14 13:55:40,686 | INFO | [SCORES] GSM3396175_HEALTHY: q10=0.019 q50=0.201 q90=0.973 q95=0.992 q99=0.999
2025-09-14 13:55:40,688 | INFO | [RESULT] GSM3396175_HEALTHY: Persister 2140 (42.7%) | Non-Persister 2873 (57.3%) | thr=0.31
2025-09-14 13:55:40,741 | INFO | 
======================================================================
2025-09-14 13:55:40,742 | INFO | Processing GSM3396176_HEALTHY
2025-09-14 13:55:40,742 | INFO | ======================================================================
2025-09-14 13:55:51,565 | INFO | [LOAD] GSM3396176_HEALTHY: cells=3,383 genes=33,694
2025-09-14 13:55:53,265 | INFO | [ALIGN] GSM3396176_HEALTHY: matched=13276/13369 genes (99.3%), merged_duplicates=3503
2025-09-14 13:55:54,209 | INFO | [SCORES] GSM3396176_HEALTHY: q10=0.024 q50=0.142 q90=0.588 q95=0.865 q99=0.986
2025-09-14 13:55:54,211 | INFO | [RESULT] GSM3396176_HEALTHY: Persister 673 (19.9%) | Non-Persister 2710 (80.1%) | thr=0.31
2025-09-14 13:55:54,246 | INFO | 
======================================================================
2025-09-14 13:55:54,247 | INFO | Processing GSM3396177_HEALTHY
2025-09-14 13:55:54,247 | INFO | ======================================================================
2025-09-14 13:55:56,767 | INFO | [LOAD] GSM3396177_HEALTHY: cells=1,700 genes=33,694
2025-09-14 13:55:57,657 | INFO | [ALIGN] GSM3396177_HEALTHY: matched=13276/13369 genes (99.3%), merged_duplicates=3503
2025-09-14 13:55:58,121 | INFO | [SCORES] GSM3396177_HEALTHY: q10=0.027 q50=0.202 q90=0.618 q95=0.799 q99=0.992
2025-09-14 13:55:58,123 | INFO | [RESULT] GSM3396177_HEALTHY: Persister 540 (31.8%) | Non-Persister 1160 (68.2%) | thr=0.31
2025-09-14 13:55:58,143 | INFO | 
======================================================================
2025-09-14 13:55:58,143 | INFO | Processing GSM3396178_HEALTHY
2025-09-14 13:55:58,144 | INFO | ======================================================================
2025-09-14 13:56:03,084 | INFO | [LOAD] GSM3396178_HEALTHY: cells=3,593 genes=33,694
2025-09-14 13:56:04,922 | INFO | [ALIGN] GSM3396178_HEALTHY: matched=13276/13369 genes (99.3%), merged_duplicates=3503
2025-09-14 13:56:05,864 | INFO | [SCORES] GSM3396178_HEALTHY: q10=0.024 q50=0.144 q90=0.590 q95=0.806 q99=0.992
2025-09-14 13:56:05,865 | INFO | [RESULT] GSM3396178_HEALTHY: Persister 1022 (28.4%) | Non-Persister 2571 (71.6%) | thr=0.31
2025-09-14 13:56:05,902 | INFO | 
======================================================================
2025-09-14 13:56:05,902 | INFO | Processing GSM3396179_HEALTHY
2025-09-14 13:56:05,902 | INFO | ======================================================================
2025-09-14 13:56:11,066 | INFO | [LOAD] GSM3396179_HEALTHY: cells=2,437 genes=33,694
2025-09-14 13:56:12,511 | INFO | [ALIGN] GSM3396179_HEALTHY: matched=13276/13369 genes (99.3%), merged_duplicates=3503
2025-09-14 13:56:13,225 | INFO | [SCORES] GSM3396179_HEALTHY: q10=0.045 q50=0.220 q90=0.684 q95=0.877 q99=0.992
2025-09-14 13:56:13,226 | INFO | [RESULT] GSM3396179_HEALTHY: Persister 858 (35.2%) | Non-Persister 1579 (64.8%) | thr=0.31
2025-09-14 13:56:13,255 | INFO | 
======================================================================
2025-09-14 13:56:13,255 | INFO | Processing GSM3396180_HEALTHY
2025-09-14 13:56:13,255 | INFO | ======================================================================
2025-09-14 13:56:15,008 | INFO | [LOAD] GSM3396180_HEALTHY: cells=1,138 genes=33,694
2025-09-14 13:56:15,519 | INFO | [ALIGN] GSM3396180_HEALTHY: matched=13276/13369 genes (99.3%), merged_duplicates=3503
2025-09-14 13:56:15,841 | INFO | [SCORES] GSM3396180_HEALTHY: q10=0.021 q50=0.090 q90=0.730 q95=0.913 q99=0.990
2025-09-14 13:56:15,842 | INFO | [RESULT] GSM3396180_HEALTHY: Persister 289 (25.4%) | Non-Persister 849 (74.6%) | thr=0.31
2025-09-14 13:56:15,859 | INFO | 
======================================================================
2025-09-14 13:56:15,859 | INFO | Processing GSM3396181_HEALTHY
2025-09-14 13:56:15,859 | INFO | ======================================================================
2025-09-14 13:56:21,602 | INFO | [LOAD] GSM3396181_HEALTHY: cells=2,367 genes=33,694
2025-09-14 13:56:23,021 | INFO | [ALIGN] GSM3396181_HEALTHY: matched=13276/13369 genes (99.3%), merged_duplicates=3503
2025-09-14 13:56:23,703 | INFO | [SCORES] GSM3396181_HEALTHY: q10=0.045 q50=0.213 q90=0.666 q95=0.885 q99=0.991
2025-09-14 13:56:23,704 | INFO | [RESULT] GSM3396181_HEALTHY: Persister 802 (33.9%) | Non-Persister 1565 (66.1%) | thr=0.31
2025-09-14 13:56:23,735 | INFO | 
======================================================================
2025-09-14 13:56:23,735 | INFO | Processing GSM3396182_HEALTHY
2025-09-14 13:56:23,735 | INFO | ======================================================================
2025-09-14 13:56:31,493 | INFO | [LOAD] GSM3396182_HEALTHY: cells=4,726 genes=33,694
2025-09-14 13:56:34,050 | INFO | [ALIGN] GSM3396182_HEALTHY: matched=13276/13369 genes (99.3%), merged_duplicates=3503
2025-09-14 13:56:35,281 | INFO | [SCORES] GSM3396182_HEALTHY: q10=0.021 q50=0.085 q90=0.868 q95=0.957 q99=0.995
2025-09-14 13:56:35,283 | INFO | [RESULT] GSM3396182_HEALTHY: Persister 1229 (26.0%) | Non-Persister 3497 (74.0%) | thr=0.31
2025-09-14 13:56:35,330 | INFO | 
======================================================================
2025-09-14 13:56:35,330 | INFO | Processing GSM3396183_HEALTHY
2025-09-14 13:56:35,331 | INFO | ======================================================================
2025-09-14 13:56:44,736 | INFO | [LOAD] GSM3396183_HEALTHY: cells=4,293 genes=33,694
2025-09-14 13:56:47,045 | INFO | [ALIGN] GSM3396183_HEALTHY: matched=13276/13369 genes (99.3%), merged_duplicates=3503
2025-09-14 13:56:48,177 | INFO | [SCORES] GSM3396183_HEALTHY: q10=0.018 q50=0.065 q90=0.778 q95=0.955 q99=0.998
2025-09-14 13:56:48,178 | INFO | [RESULT] GSM3396183_HEALTHY: Persister 955 (22.2%) | Non-Persister 3338 (77.8%) | thr=0.31
2025-09-14 13:56:48,226 | INFO | 
======================================================================
2025-09-14 13:56:48,226 | INFO | Processing GSM3396184_HEALTHY
2025-09-14 13:56:48,226 | INFO | ======================================================================
2025-09-14 13:56:57,984 | INFO | [LOAD] GSM3396184_HEALTHY: cells=4,118 genes=33,694
2025-09-14 13:57:00,182 | INFO | [ALIGN] GSM3396184_HEALTHY: matched=13276/13369 genes (99.3%), merged_duplicates=3503
2025-09-14 13:57:01,278 | INFO | [SCORES] GSM3396184_HEALTHY: q10=0.026 q50=0.129 q90=0.788 q95=0.947 q99=0.997
2025-09-14 13:57:01,279 | INFO | [RESULT] GSM3396184_HEALTHY: Persister 1126 (27.3%) | Non-Persister 2992 (72.7%) | thr=0.31
2025-09-14 13:57:01,328 | INFO | 
======================================================================
2025-09-14 13:57:01,328 | INFO | Processing GSM3396185_HEALTHY
2025-09-14 13:57:01,328 | INFO | ======================================================================
2025-09-14 13:57:06,310 | INFO | [LOAD] GSM3396185_HEALTHY: cells=3,643 genes=33,694
2025-09-14 13:57:08,185 | INFO | [ALIGN] GSM3396185_HEALTHY: matched=13276/13369 genes (99.3%), merged_duplicates=3503
2025-09-14 13:57:09,124 | INFO | [SCORES] GSM3396185_HEALTHY: q10=0.037 q50=0.197 q90=0.884 q95=0.975 q99=0.998
2025-09-14 13:57:09,126 | INFO | [RESULT] GSM3396185_HEALTHY: Persister 1330 (36.5%) | Non-Persister 2313 (63.5%) | thr=0.31
2025-09-14 13:57:09,169 | INFO | 
================================================================================
2025-09-14 13:57:09,169 | INFO | INFERENCE SUMMARY
2025-09-14 13:57:09,169 | INFO | ================================================================================
2025-09-14 13:57:09,169 | INFO | Saved summary to: /scratch/project_2010376/JDs_Project/AML_Persister_Analysis/results/inference/inference_results_summary.csv
2025-09-14 13:57:09,171 | INFO | Total samples: 38 | Total cells: 168,469
2025-09-14 13:57:09,171 | INFO | Avg persister %: 40.5% | Avg mean prob: 0.369
2025-09-14 13:57:09,171 | INFO | Inference completed at Sun Sep 14 13:57:09 2025
=========================================
Finished: Sun Sep 14 13:57:10 EEST 2025
Outputs in: /scratch/project_2010376/JDs_Project/AML_Persister_Analysis/results/inference/
=========================================
